#! /c/Source/iverilog-install/bin/vvp
:ivl_version "12.0 (devel)" "(s20150603-1539-g2693dd32b)";
:ivl_delay_selection "TYPICAL";
:vpi_time_precision - 12;
:vpi_module "C:\iverilog\lib\ivl\system.vpi";
:vpi_module "C:\iverilog\lib\ivl\vhdl_sys.vpi";
:vpi_module "C:\iverilog\lib\ivl\vhdl_textio.vpi";
:vpi_module "C:\iverilog\lib\ivl\v2005_math.vpi";
:vpi_module "C:\iverilog\lib\ivl\va_math.vpi";
S_000002554bd79c60 .scope module, "testbench" "testbench" 2 13;
 .timescale -9 -12;
v000002554bdd9f70_0 .var/i "ciclo", 31 0;
v000002554bdd9750_0 .var "clk", 0 0;
v000002554bdd8df0_0 .var "reset", 0 0;
S_000002554bd7b240 .scope module, "DUT" "cpu" 2 26, 3 3 0, S_000002554bd79c60;
 .timescale -9 -12;
    .port_info 0 /INPUT 1 "clk";
    .port_info 1 /INPUT 1 "reset";
L_000002554bd202d0 .functor BUFZ 32, v000002554bd6ef40_0, C4<00000000000000000000000000000000>, C4<00000000000000000000000000000000>, C4<00000000000000000000000000000000>;
v000002554bdd52d0_0 .net "ALUOp", 1 0, v000002554bdd3900_0;  1 drivers
v000002554bdd4bf0_0 .net "ALUSrc", 0 0, v000002554bdd4580_0;  1 drivers
v000002554bdd5230_0 .net "ExtOp", 0 0, v000002554bdd43a0_0;  1 drivers
v000002554bdd4b50_0 .net "Jump", 0 0, v000002554bdd2aa0_0;  1 drivers
v000002554bdd5b90_0 .net "RegDst", 0 0, v000002554bdd3b80_0;  1 drivers
v000002554bdd4d30_0 .net "RegWrite", 0 0, v000002554bdd46c0_0;  1 drivers
v000002554bdd4c90_0 .net "ZeroExt", 0 0, v000002554bdd41c0_0;  1 drivers
L_000002554bde0160 .functor BUFT 1, C4<00000000000000000000000000000000>, C4<0>, C4<0>, C4<0>;
v000002554bdd59b0_0 .net/2u *"_ivl_14", 31 0, L_000002554bde0160;  1 drivers
v000002554bdd4dd0_0 .net *"_ivl_16", 31 0, L_000002554bdd9930;  1 drivers
L_000002554bde01f0 .functor BUFT 1, C4<00000000000000000000000000000100>, C4<0>, C4<0>, C4<0>;
v000002554bdd68b0_0 .net/2u *"_ivl_22", 31 0, L_000002554bde01f0;  1 drivers
v000002554bdd55f0_0 .net *"_ivl_27", 3 0, L_000002554bdda290;  1 drivers
L_000002554bde0238 .functor BUFT 1, C4<00>, C4<0>, C4<0>, C4<0>;
v000002554bdd5690_0 .net/2u *"_ivl_28", 1 0, L_000002554bde0238;  1 drivers
v000002554bdd6310_0 .net "alu_control_signal", 3 0, v000002554bd6f120_0;  1 drivers
v000002554bdd4f10_0 .net "alu_input_b", 31 0, L_000002554bdd8cb0;  1 drivers
v000002554bdd5f50_0 .net "alu_result", 31 0, v000002554bd6ef40_0;  1 drivers
v000002554bdd6130_0 .net "clk", 0 0, v000002554bdd9750_0;  1 drivers
v000002554bdd64f0_0 .net "funct", 5 0, L_000002554bdda3d0;  1 drivers
v000002554bdd5730_0 .net "immediate", 15 0, L_000002554bdda0b0;  1 drivers
v000002554bdd5af0_0 .net "immediate_ext", 31 0, L_000002554bdda830;  1 drivers
v000002554bdd4fb0_0 .net "instruction", 31 0, L_000002554bd1f9a0;  1 drivers
v000002554bdd5550_0 .net "jump_address", 25 0, L_000002554bdd9390;  1 drivers
v000002554bdd5370_0 .net "jump_target", 31 0, L_000002554bdd9610;  1 drivers
v000002554bdd6270_0 .net "next_pc", 31 0, L_000002554bdd9110;  1 drivers
v000002554bdd6810_0 .net "opcode", 5 0, L_000002554bdda510;  1 drivers
v000002554bdd5ff0_0 .net "pc", 31 0, v000002554bdd48a0_0;  1 drivers
v000002554bdd6090_0 .net "pc_plus4", 31 0, L_000002554bdd99d0;  1 drivers
v000002554bdd6590_0 .net "r0_debug", 31 0, L_000002554bd201f0;  1 drivers
v000002554bdd5410_0 .net "r1_debug", 31 0, L_000002554bd1fd90;  1 drivers
v000002554bdd6630_0 .net "r2_debug", 31 0, L_000002554bd20030;  1 drivers
v000002554bdd54b0_0 .net "r3_debug", 31 0, L_000002554bd200a0;  1 drivers
v000002554bdd57d0_0 .net "r4_debug", 31 0, L_000002554bd20110;  1 drivers
v000002554bdd66d0_0 .net "r5_debug", 31 0, L_000002554bd20180;  1 drivers
v000002554bdd5870_0 .net "r6_debug", 31 0, L_000002554bd20260;  1 drivers
v000002554bdd5cd0_0 .net "r7_debug", 31 0, L_000002554bd203b0;  1 drivers
v000002554bdd5c30_0 .net "rd", 4 0, L_000002554bdd8e90;  1 drivers
v000002554bdd6770_0 .net "read_data1", 31 0, L_000002554bd1f620;  1 drivers
v000002554bdd5910_0 .net "read_data2", 31 0, L_000002554bd1fd20;  1 drivers
v000002554bdd6950_0 .net "reset", 0 0, v000002554bdd8df0_0;  1 drivers
v000002554bdd5a50_0 .net "rs", 4 0, L_000002554bdda470;  1 drivers
v000002554bdd4ab0_0 .net "rt", 4 0, L_000002554bdda8d0;  1 drivers
v000002554bdd96b0_0 .net "sign_ext_imm", 31 0, L_000002554bdd9890;  1 drivers
v000002554bdd9ed0_0 .net "write_data", 31 0, L_000002554bd202d0;  1 drivers
v000002554bdd8c10_0 .net "write_reg", 4 0, L_000002554bdd9d90;  1 drivers
v000002554bdd94d0_0 .net "zero", 0 0, L_000002554bdda790;  1 drivers
v000002554bdd8d50_0 .net "zero_ext_imm", 31 0, L_000002554bdd9cf0;  1 drivers
E_000002554bd620a0 .event negedge, v000002554bdd4260_0;
L_000002554bdda510 .part L_000002554bd1f9a0, 26, 6;
L_000002554bdda470 .part L_000002554bd1f9a0, 21, 5;
L_000002554bdda8d0 .part L_000002554bd1f9a0, 16, 5;
L_000002554bdd8e90 .part L_000002554bd1f9a0, 11, 5;
L_000002554bdda0b0 .part L_000002554bd1f9a0, 0, 16;
L_000002554bdda3d0 .part L_000002554bd1f9a0, 0, 6;
L_000002554bdd9390 .part L_000002554bd1f9a0, 0, 26;
L_000002554bdd9930 .functor MUXZ 32, L_000002554bde0160, L_000002554bdd9890, v000002554bdd43a0_0, C4<>;
L_000002554bdda830 .functor MUXZ 32, L_000002554bdd9930, L_000002554bdd9cf0, v000002554bdd41c0_0, C4<>;
L_000002554bdd99d0 .arith/sum 32, v000002554bdd48a0_0, L_000002554bde01f0;
L_000002554bdda290 .part L_000002554bdd99d0, 28, 4;
L_000002554bdd9610 .concat [ 2 26 4 0], L_000002554bde0238, L_000002554bdd9390, L_000002554bdda290;
S_000002554bd5e710 .scope module, "AC" "alu_control" 3 192, 4 23 0, S_000002554bd7b240;
 .timescale -9 -12;
    .port_info 0 /INPUT 2 "ALUOp";
    .port_info 1 /INPUT 6 "funct";
    .port_info 2 /OUTPUT 4 "ALUControl";
v000002554bd6f120_0 .var "ALUControl", 3 0;
v000002554bd6e680_0 .net "ALUOp", 1 0, v000002554bdd3900_0;  alias, 1 drivers
v000002554bd6ee00_0 .net "funct", 5 0, L_000002554bdda3d0;  alias, 1 drivers
E_000002554bd62260 .event anyedge, v000002554bd6e680_0, v000002554bd6ee00_0;
S_000002554bd5e8a0 .scope module, "ALU" "alu" 3 207, 5 17 0, S_000002554bd7b240;
 .timescale -9 -12;
    .port_info 0 /INPUT 32 "A";
    .port_info 1 /INPUT 32 "B";
    .port_info 2 /INPUT 4 "ALUControl";
    .port_info 3 /OUTPUT 32 "Result";
    .port_info 4 /OUTPUT 1 "Zero";
v000002554bd6eea0_0 .net "A", 31 0, L_000002554bd1f620;  alias, 1 drivers
v000002554bd6f3a0_0 .net "ALUControl", 3 0, v000002554bd6f120_0;  alias, 1 drivers
v000002554bd6e5e0_0 .net "B", 31 0, L_000002554bdd8cb0;  alias, 1 drivers
v000002554bd6ef40_0 .var "Result", 31 0;
v000002554bd6f1c0_0 .net "Zero", 0 0, L_000002554bdda790;  alias, 1 drivers
L_000002554bde01a8 .functor BUFT 1, C4<00000000000000000000000000000000>, C4<0>, C4<0>, C4<0>;
v000002554bd6e720_0 .net/2u *"_ivl_0", 31 0, L_000002554bde01a8;  1 drivers
E_000002554bd62f20 .event anyedge, v000002554bd6f120_0, v000002554bd6eea0_0, v000002554bd6e5e0_0;
L_000002554bdda790 .cmp/eq 32, v000002554bd6ef40_0, L_000002554bde01a8;
S_000002554bd4b510 .scope module, "ALUSrcMUX" "mux" 3 175, 6 19 0, S_000002554bd7b240;
 .timescale -9 -12;
    .port_info 0 /INPUT 32 "input0";
    .port_info 1 /INPUT 32 "input1";
    .port_info 2 /INPUT 1 "sel";
    .port_info 3 /OUTPUT 32 "out";
P_000002554bd62620 .param/l "WIDTH" 0 6 19, +C4<00000000000000000000000000100000>;
v000002554bd6f260_0 .net "input0", 31 0, L_000002554bd1fd20;  alias, 1 drivers
v000002554bdd3400_0 .net "input1", 31 0, L_000002554bdda830;  alias, 1 drivers
v000002554bdd4300_0 .net "out", 31 0, L_000002554bdd8cb0;  alias, 1 drivers
v000002554bdd32c0_0 .net "sel", 0 0, v000002554bdd4580_0;  alias, 1 drivers
L_000002554bdd8cb0 .functor MUXZ 32, L_000002554bd1fd20, L_000002554bdda830, v000002554bdd4580_0, C4<>;
S_000002554bd4b6a0 .scope module, "CU" "control_unit" 3 73, 7 26 0, S_000002554bd7b240;
 .timescale -9 -12;
    .port_info 0 /INPUT 6 "opcode";
    .port_info 1 /OUTPUT 1 "RegDst";
    .port_info 2 /OUTPUT 1 "ALUSrc";
    .port_info 3 /OUTPUT 1 "RegWrite";
    .port_info 4 /OUTPUT 1 "Jump";
    .port_info 5 /OUTPUT 1 "ExtOp";
    .port_info 6 /OUTPUT 1 "ZeroExt";
    .port_info 7 /OUTPUT 2 "ALUOp";
v000002554bdd3900_0 .var "ALUOp", 1 0;
v000002554bdd4580_0 .var "ALUSrc", 0 0;
v000002554bdd43a0_0 .var "ExtOp", 0 0;
v000002554bdd2aa0_0 .var "Jump", 0 0;
v000002554bdd3b80_0 .var "RegDst", 0 0;
v000002554bdd46c0_0 .var "RegWrite", 0 0;
v000002554bdd41c0_0 .var "ZeroExt", 0 0;
v000002554bdd44e0_0 .net "opcode", 5 0, L_000002554bdda510;  alias, 1 drivers
E_000002554bd62f60 .event anyedge, v000002554bdd44e0_0;
S_000002554bd48910 .scope module, "IM" "instruction_memory" 3 36, 8 15 0, S_000002554bd7b240;
 .timescale -9 -12;
    .port_info 0 /INPUT 32 "address";
    .port_info 1 /OUTPUT 32 "instruction";
L_000002554bd1f9a0 .functor BUFZ 32, L_000002554bdd8ad0, C4<00000000000000000000000000000000>, C4<00000000000000000000000000000000>, C4<00000000000000000000000000000000>;
v000002554bdd3180_0 .net *"_ivl_0", 31 0, L_000002554bdd8ad0;  1 drivers
v000002554bdd3fe0_0 .net *"_ivl_3", 29 0, L_000002554bdda010;  1 drivers
v000002554bdd3220_0 .net "address", 31 0, v000002554bdd48a0_0;  alias, 1 drivers
v000002554bdd4080_0 .var/i "i", 31 0;
v000002554bdd2e60_0 .net "instruction", 31 0, L_000002554bd1f9a0;  alias, 1 drivers
v000002554bdd3cc0 .array "memory", 255 0, 31 0;
L_000002554bdd8ad0 .array/port v000002554bdd3cc0, L_000002554bdda010;
L_000002554bdda010 .part v000002554bdd48a0_0, 2, 30;
S_000002554bd48aa0 .scope module, "JumpMUX" "mux" 3 242, 6 19 0, S_000002554bd7b240;
 .timescale -9 -12;
    .port_info 0 /INPUT 32 "input0";
    .port_info 1 /INPUT 32 "input1";
    .port_info 2 /INPUT 1 "sel";
    .port_info 3 /OUTPUT 32 "out";
P_000002554bd622a0 .param/l "WIDTH" 0 6 19, +C4<00000000000000000000000000100000>;
v000002554bdd3860_0 .net "input0", 31 0, L_000002554bdd99d0;  alias, 1 drivers
v000002554bdd4800_0 .net "input1", 31 0, L_000002554bdd9610;  alias, 1 drivers
v000002554bdd4620_0 .net "out", 31 0, L_000002554bdd9110;  alias, 1 drivers
v000002554bdd4440_0 .net "sel", 0 0, v000002554bdd2aa0_0;  alias, 1 drivers
L_000002554bdd9110 .functor MUXZ 32, L_000002554bdd99d0, L_000002554bdd9610, v000002554bdd2aa0_0, C4<>;
S_000002554bd47fd0 .scope module, "PC" "pc" 3 19, 9 16 0, S_000002554bd7b240;
 .timescale -9 -12;
    .port_info 0 /INPUT 1 "clk";
    .port_info 1 /INPUT 1 "reset";
    .port_info 2 /INPUT 32 "next_pc";
    .port_info 3 /OUTPUT 32 "current_pc";
v000002554bdd4260_0 .net "clk", 0 0, v000002554bdd9750_0;  alias, 1 drivers
v000002554bdd48a0_0 .var "current_pc", 31 0;
v000002554bdd39a0_0 .net "next_pc", 31 0, L_000002554bdd9110;  alias, 1 drivers
v000002554bdd3f40_0 .net "reset", 0 0, v000002554bdd8df0_0;  alias, 1 drivers
E_000002554bd63320 .event posedge, v000002554bdd3f40_0, v000002554bdd4260_0;
S_000002554bd48160 .scope module, "RF" "register_file" 3 121, 10 16 0, S_000002554bd7b240;
 .timescale -9 -12;
    .port_info 0 /INPUT 1 "clk";
    .port_info 1 /INPUT 1 "RegWrite";
    .port_info 2 /INPUT 5 "read_reg1";
    .port_info 3 /INPUT 5 "read_reg2";
    .port_info 4 /INPUT 5 "write_reg";
    .port_info 5 /INPUT 32 "write_data";
    .port_info 6 /OUTPUT 32 "read_data1";
    .port_info 7 /OUTPUT 32 "read_data2";
    .port_info 8 /OUTPUT 32 "r0_debug";
    .port_info 9 /OUTPUT 32 "r1_debug";
    .port_info 10 /OUTPUT 32 "r2_debug";
    .port_info 11 /OUTPUT 32 "r3_debug";
    .port_info 12 /OUTPUT 32 "r4_debug";
    .port_info 13 /OUTPUT 32 "r5_debug";
    .port_info 14 /OUTPUT 32 "r6_debug";
    .port_info 15 /OUTPUT 32 "r7_debug";
L_000002554bd1f620 .functor BUFZ 32, L_000002554bdd8f30, C4<00000000000000000000000000000000>, C4<00000000000000000000000000000000>, C4<00000000000000000000000000000000>;
L_000002554bd1fd20 .functor BUFZ 32, L_000002554bdda5b0, C4<00000000000000000000000000000000>, C4<00000000000000000000000000000000>, C4<00000000000000000000000000000000>;
v000002554bdd4120_0 .array/port v000002554bdd4120, 0;
L_000002554bd201f0 .functor BUFZ 32, v000002554bdd4120_0, C4<00000000000000000000000000000000>, C4<00000000000000000000000000000000>, C4<00000000000000000000000000000000>;
v000002554bdd4120_1 .array/port v000002554bdd4120, 1;
L_000002554bd1fd90 .functor BUFZ 32, v000002554bdd4120_1, C4<00000000000000000000000000000000>, C4<00000000000000000000000000000000>, C4<00000000000000000000000000000000>;
v000002554bdd4120_2 .array/port v000002554bdd4120, 2;
L_000002554bd20030 .functor BUFZ 32, v000002554bdd4120_2, C4<00000000000000000000000000000000>, C4<00000000000000000000000000000000>, C4<00000000000000000000000000000000>;
v000002554bdd4120_3 .array/port v000002554bdd4120, 3;
L_000002554bd200a0 .functor BUFZ 32, v000002554bdd4120_3, C4<00000000000000000000000000000000>, C4<00000000000000000000000000000000>, C4<00000000000000000000000000000000>;
v000002554bdd4120_4 .array/port v000002554bdd4120, 4;
L_000002554bd20110 .functor BUFZ 32, v000002554bdd4120_4, C4<00000000000000000000000000000000>, C4<00000000000000000000000000000000>, C4<00000000000000000000000000000000>;
v000002554bdd4120_5 .array/port v000002554bdd4120, 5;
L_000002554bd20180 .functor BUFZ 32, v000002554bdd4120_5, C4<00000000000000000000000000000000>, C4<00000000000000000000000000000000>, C4<00000000000000000000000000000000>;
v000002554bdd4120_6 .array/port v000002554bdd4120, 6;
L_000002554bd20260 .functor BUFZ 32, v000002554bdd4120_6, C4<00000000000000000000000000000000>, C4<00000000000000000000000000000000>, C4<00000000000000000000000000000000>;
v000002554bdd4120_7 .array/port v000002554bdd4120, 7;
L_000002554bd203b0 .functor BUFZ 32, v000002554bdd4120_7, C4<00000000000000000000000000000000>, C4<00000000000000000000000000000000>, C4<00000000000000000000000000000000>;
v000002554bdd4760_0 .net "RegWrite", 0 0, v000002554bdd46c0_0;  alias, 1 drivers
v000002554bdd4940_0 .net *"_ivl_0", 31 0, L_000002554bdd8f30;  1 drivers
v000002554bdd3d60_0 .net *"_ivl_10", 6 0, L_000002554bdda650;  1 drivers
L_000002554bde00d0 .functor BUFT 1, C4<00>, C4<0>, C4<0>, C4<0>;
v000002554bdd2f00_0 .net *"_ivl_13", 1 0, L_000002554bde00d0;  1 drivers
v000002554bdd3540_0 .net *"_ivl_2", 6 0, L_000002554bdd91b0;  1 drivers
L_000002554bde0088 .functor BUFT 1, C4<00>, C4<0>, C4<0>, C4<0>;
v000002554bdd2fa0_0 .net *"_ivl_5", 1 0, L_000002554bde0088;  1 drivers
v000002554bdd2b40_0 .net *"_ivl_8", 31 0, L_000002554bdda5b0;  1 drivers
v000002554bdd2be0_0 .net "clk", 0 0, v000002554bdd9750_0;  alias, 1 drivers
v000002554bdd2c80_0 .var/i "i", 31 0;
v000002554bdd2d20_0 .net "r0_debug", 31 0, L_000002554bd201f0;  alias, 1 drivers
v000002554bdd2dc0_0 .net "r1_debug", 31 0, L_000002554bd1fd90;  alias, 1 drivers
v000002554bdd3040_0 .net "r2_debug", 31 0, L_000002554bd20030;  alias, 1 drivers
v000002554bdd30e0_0 .net "r3_debug", 31 0, L_000002554bd200a0;  alias, 1 drivers
v000002554bdd3ae0_0 .net "r4_debug", 31 0, L_000002554bd20110;  alias, 1 drivers
v000002554bdd3360_0 .net "r5_debug", 31 0, L_000002554bd20180;  alias, 1 drivers
v000002554bdd34a0_0 .net "r6_debug", 31 0, L_000002554bd20260;  alias, 1 drivers
v000002554bdd35e0_0 .net "r7_debug", 31 0, L_000002554bd203b0;  alias, 1 drivers
v000002554bdd3680_0 .net "read_data1", 31 0, L_000002554bd1f620;  alias, 1 drivers
v000002554bdd3720_0 .net "read_data2", 31 0, L_000002554bd1fd20;  alias, 1 drivers
v000002554bdd37c0_0 .net "read_reg1", 4 0, L_000002554bdda470;  alias, 1 drivers
v000002554bdd3a40_0 .net "read_reg2", 4 0, L_000002554bdda8d0;  alias, 1 drivers
v000002554bdd4120 .array "registers", 31 0, 31 0;
v000002554bdd3c20_0 .net "write_data", 31 0, L_000002554bd202d0;  alias, 1 drivers
v000002554bdd3e00_0 .net "write_reg", 4 0, L_000002554bdd9d90;  alias, 1 drivers
E_000002554bd631a0 .event posedge, v000002554bdd4260_0;
L_000002554bdd8f30 .array/port v000002554bdd4120, L_000002554bdd91b0;
L_000002554bdd91b0 .concat [ 5 2 0 0], L_000002554bdda470, L_000002554bde0088;
L_000002554bdda5b0 .array/port v000002554bdd4120, L_000002554bdda650;
L_000002554bdda650 .concat [ 5 2 0 0], L_000002554bdda8d0, L_000002554bde00d0;
S_000002554bd47740 .scope module, "RegDstMUX" "mux" 3 93, 6 19 0, S_000002554bd7b240;
 .timescale -9 -12;
    .port_info 0 /INPUT 5 "input0";
    .port_info 1 /INPUT 5 "input1";
    .port_info 2 /INPUT 1 "sel";
    .port_info 3 /OUTPUT 5 "out";
P_000002554bd63420 .param/l "WIDTH" 0 6 19, +C4<00000000000000000000000000000101>;
v000002554bdd3ea0_0 .net "input0", 4 0, L_000002554bdda8d0;  alias, 1 drivers
v000002554bdd61d0_0 .net "input1", 4 0, L_000002554bdd8e90;  alias, 1 drivers
v000002554bdd63b0_0 .net "out", 4 0, L_000002554bdd9d90;  alias, 1 drivers
v000002554bdd5050_0 .net "sel", 0 0, v000002554bdd3b80_0;  alias, 1 drivers
L_000002554bdd9d90 .functor MUXZ 5, L_000002554bdda8d0, L_000002554bdd8e90, v000002554bdd3b80_0, C4<>;
S_000002554bd478d0 .scope module, "SE" "sign_extend" 3 154, 11 15 0, S_000002554bd7b240;
 .timescale -9 -12;
    .port_info 0 /INPUT 16 "in";
    .port_info 1 /OUTPUT 32 "out";
v000002554bdd5190_0 .net *"_ivl_1", 0 0, L_000002554bdd97f0;  1 drivers
v000002554bdd5e10_0 .net *"_ivl_2", 15 0, L_000002554bdd8b70;  1 drivers
v000002554bdd4e70_0 .net "in", 15 0, L_000002554bdda0b0;  alias, 1 drivers
v000002554bdd5d70_0 .net "out", 31 0, L_000002554bdd9890;  alias, 1 drivers
L_000002554bdd97f0 .part L_000002554bdda0b0, 15, 1;
LS_000002554bdd8b70_0_0 .concat [ 1 1 1 1], L_000002554bdd97f0, L_000002554bdd97f0, L_000002554bdd97f0, L_000002554bdd97f0;
LS_000002554bdd8b70_0_4 .concat [ 1 1 1 1], L_000002554bdd97f0, L_000002554bdd97f0, L_000002554bdd97f0, L_000002554bdd97f0;
LS_000002554bdd8b70_0_8 .concat [ 1 1 1 1], L_000002554bdd97f0, L_000002554bdd97f0, L_000002554bdd97f0, L_000002554bdd97f0;
LS_000002554bdd8b70_0_12 .concat [ 1 1 1 1], L_000002554bdd97f0, L_000002554bdd97f0, L_000002554bdd97f0, L_000002554bdd97f0;
L_000002554bdd8b70 .concat [ 4 4 4 4], LS_000002554bdd8b70_0_0, LS_000002554bdd8b70_0_4, LS_000002554bdd8b70_0_8, LS_000002554bdd8b70_0_12;
L_000002554bdd9890 .concat [ 16 16 0 0], L_000002554bdda0b0, L_000002554bdd8b70;
S_000002554bd34240 .scope module, "ZE" "zero_extend" 3 159, 12 16 0, S_000002554bd7b240;
 .timescale -9 -12;
    .port_info 0 /INPUT 16 "in";
    .port_info 1 /OUTPUT 32 "out";
L_000002554bde0118 .functor BUFT 1, C4<0000000000000000>, C4<0>, C4<0>, C4<0>;
v000002554bdd5eb0_0 .net/2u *"_ivl_0", 15 0, L_000002554bde0118;  1 drivers
v000002554bdd50f0_0 .net "in", 15 0, L_000002554bdda0b0;  alias, 1 drivers
v000002554bdd6450_0 .net "out", 31 0, L_000002554bdd9cf0;  alias, 1 drivers
L_000002554bdd9cf0 .concat [ 16 16 0 0], L_000002554bdda0b0, L_000002554bde0118;
    .scope S_000002554bd47fd0;
T_0 ;
    %wait E_000002554bd63320;
    %load/vec4 v000002554bdd3f40_0;
    %flag_set/vec4 8;
    %jmp/0xz  T_0.0, 8;
    %pushi/vec4 0, 0, 32;
    %assign/vec4 v000002554bdd48a0_0, 0;
    %jmp T_0.1;
T_0.0 ;
    %load/vec4 v000002554bdd39a0_0;
    %assign/vec4 v000002554bdd48a0_0, 0;
T_0.1 ;
    %jmp T_0;
    .thread T_0;
    .scope S_000002554bd48910;
T_1 ;
    %pushi/vec4 0, 0, 32;
    %store/vec4 v000002554bdd4080_0, 0, 32;
T_1.0 ;
    %load/vec4 v000002554bdd4080_0;
    %cmpi/s 256, 0, 32;
    %jmp/0xz T_1.1, 5;
    %pushi/vec4 0, 0, 32;
    %ix/getv/s 4, v000002554bdd4080_0;
    %store/vec4a v000002554bdd3cc0, 4, 0;
    %load/vec4 v000002554bdd4080_0;
    %addi 1, 0, 32;
    %store/vec4 v000002554bdd4080_0, 0, 32;
    %jmp T_1.0;
T_1.1 ;
    %vpi_call 8 42 "$readmemh", "program.mem", v000002554bdd3cc0 {0 0 0};
    %end;
    .thread T_1;
    .scope S_000002554bd4b6a0;
T_2 ;
    %wait E_000002554bd62f60;
    %pushi/vec4 0, 0, 1;
    %store/vec4 v000002554bdd3b80_0, 0, 1;
    %pushi/vec4 0, 0, 1;
    %store/vec4 v000002554bdd4580_0, 0, 1;
    %pushi/vec4 0, 0, 1;
    %store/vec4 v000002554bdd46c0_0, 0, 1;
    %pushi/vec4 0, 0, 1;
    %store/vec4 v000002554bdd2aa0_0, 0, 1;
    %pushi/vec4 0, 0, 1;
    %store/vec4 v000002554bdd43a0_0, 0, 1;
    %pushi/vec4 0, 0, 1;
    %store/vec4 v000002554bdd41c0_0, 0, 1;
    %pushi/vec4 0, 0, 2;
    %store/vec4 v000002554bdd3900_0, 0, 2;
    %load/vec4 v000002554bdd44e0_0;
    %dup/vec4;
    %pushi/vec4 0, 0, 6;
    %cmp/u;
    %jmp/1 T_2.0, 6;
    %dup/vec4;
    %pushi/vec4 8, 0, 6;
    %cmp/u;
    %jmp/1 T_2.1, 6;
    %dup/vec4;
    %pushi/vec4 12, 0, 6;
    %cmp/u;
    %jmp/1 T_2.2, 6;
    %dup/vec4;
    %pushi/vec4 13, 0, 6;
    %cmp/u;
    %jmp/1 T_2.3, 6;
    %dup/vec4;
    %pushi/vec4 2, 0, 6;
    %cmp/u;
    %jmp/1 T_2.4, 6;
    %pushi/vec4 0, 0, 1;
    %store/vec4 v000002554bdd3b80_0, 0, 1;
    %pushi/vec4 0, 0, 1;
    %store/vec4 v000002554bdd4580_0, 0, 1;
    %pushi/vec4 0, 0, 1;
    %store/vec4 v000002554bdd46c0_0, 0, 1;
    %pushi/vec4 0, 0, 1;
    %store/vec4 v000002554bdd2aa0_0, 0, 1;
    %pushi/vec4 0, 0, 1;
    %store/vec4 v000002554bdd43a0_0, 0, 1;
    %pushi/vec4 0, 0, 1;
    %store/vec4 v000002554bdd41c0_0, 0, 1;
    %pushi/vec4 0, 0, 2;
    %store/vec4 v000002554bdd3900_0, 0, 2;
    %jmp T_2.6;
T_2.0 ;
    %pushi/vec4 1, 0, 1;
    %store/vec4 v000002554bdd3b80_0, 0, 1;
    %pushi/vec4 0, 0, 1;
    %store/vec4 v000002554bdd4580_0, 0, 1;
    %pushi/vec4 1, 0, 1;
    %store/vec4 v000002554bdd46c0_0, 0, 1;
    %pushi/vec4 0, 0, 1;
    %store/vec4 v000002554bdd2aa0_0, 0, 1;
    %pushi/vec4 0, 0, 1;
    %store/vec4 v000002554bdd43a0_0, 0, 1;
    %pushi/vec4 0, 0, 1;
    %store/vec4 v000002554bdd41c0_0, 0, 1;
    %pushi/vec4 3, 0, 2;
    %store/vec4 v000002554bdd3900_0, 0, 2;
    %jmp T_2.6;
T_2.1 ;
    %pushi/vec4 0, 0, 1;
    %store/vec4 v000002554bdd3b80_0, 0, 1;
    %pushi/vec4 1, 0, 1;
    %store/vec4 v000002554bdd4580_0, 0, 1;
    %pushi/vec4 1, 0, 1;
    %store/vec4 v000002554bdd46c0_0, 0, 1;
    %pushi/vec4 0, 0, 1;
    %store/vec4 v000002554bdd2aa0_0, 0, 1;
    %pushi/vec4 1, 0, 1;
    %store/vec4 v000002554bdd43a0_0, 0, 1;
    %pushi/vec4 0, 0, 1;
    %store/vec4 v000002554bdd41c0_0, 0, 1;
    %pushi/vec4 0, 0, 2;
    %store/vec4 v000002554bdd3900_0, 0, 2;
    %jmp T_2.6;
T_2.2 ;
    %pushi/vec4 0, 0, 1;
    %store/vec4 v000002554bdd3b80_0, 0, 1;
    %pushi/vec4 1, 0, 1;
    %store/vec4 v000002554bdd4580_0, 0, 1;
    %pushi/vec4 1, 0, 1;
    %store/vec4 v000002554bdd46c0_0, 0, 1;
    %pushi/vec4 0, 0, 1;
    %store/vec4 v000002554bdd2aa0_0, 0, 1;
    %pushi/vec4 0, 0, 1;
    %store/vec4 v000002554bdd43a0_0, 0, 1;
    %pushi/vec4 1, 0, 1;
    %store/vec4 v000002554bdd41c0_0, 0, 1;
    %pushi/vec4 1, 0, 2;
    %store/vec4 v000002554bdd3900_0, 0, 2;
    %jmp T_2.6;
T_2.3 ;
    %pushi/vec4 0, 0, 1;
    %store/vec4 v000002554bdd3b80_0, 0, 1;
    %pushi/vec4 1, 0, 1;
    %store/vec4 v000002554bdd4580_0, 0, 1;
    %pushi/vec4 1, 0, 1;
    %store/vec4 v000002554bdd46c0_0, 0, 1;
    %pushi/vec4 0, 0, 1;
    %store/vec4 v000002554bdd2aa0_0, 0, 1;
    %pushi/vec4 0, 0, 1;
    %store/vec4 v000002554bdd43a0_0, 0, 1;
    %pushi/vec4 1, 0, 1;
    %store/vec4 v000002554bdd41c0_0, 0, 1;
    %pushi/vec4 2, 0, 2;
    %store/vec4 v000002554bdd3900_0, 0, 2;
    %jmp T_2.6;
T_2.4 ;
    %pushi/vec4 0, 0, 1;
    %store/vec4 v000002554bdd3b80_0, 0, 1;
    %pushi/vec4 0, 0, 1;
    %store/vec4 v000002554bdd4580_0, 0, 1;
    %pushi/vec4 0, 0, 1;
    %store/vec4 v000002554bdd46c0_0, 0, 1;
    %pushi/vec4 1, 0, 1;
    %store/vec4 v000002554bdd2aa0_0, 0, 1;
    %pushi/vec4 0, 0, 1;
    %store/vec4 v000002554bdd43a0_0, 0, 1;
    %pushi/vec4 0, 0, 1;
    %store/vec4 v000002554bdd41c0_0, 0, 1;
    %pushi/vec4 0, 0, 2;
    %store/vec4 v000002554bdd3900_0, 0, 2;
    %jmp T_2.6;
T_2.6 ;
    %pop/vec4 1;
    %jmp T_2;
    .thread T_2, $push;
    .scope S_000002554bd48160;
T_3 ;
    %pushi/vec4 0, 0, 32;
    %store/vec4 v000002554bdd2c80_0, 0, 32;
T_3.0 ;
    %load/vec4 v000002554bdd2c80_0;
    %cmpi/s 32, 0, 32;
    %jmp/0xz T_3.1, 5;
    %pushi/vec4 0, 0, 32;
    %ix/getv/s 4, v000002554bdd2c80_0;
    %store/vec4a v000002554bdd4120, 4, 0;
    %load/vec4 v000002554bdd2c80_0;
    %addi 1, 0, 32;
    %store/vec4 v000002554bdd2c80_0, 0, 32;
    %jmp T_3.0;
T_3.1 ;
    %end;
    .thread T_3;
    .scope S_000002554bd48160;
T_4 ;
    %wait E_000002554bd631a0;
    %load/vec4 v000002554bdd4760_0;
    %flag_set/vec4 8;
    %jmp/0xz  T_4.0, 8;
    %load/vec4 v000002554bdd3e00_0;
    %cmpi/ne 0, 0, 5;
    %jmp/0xz  T_4.2, 4;
    %load/vec4 v000002554bdd3c20_0;
    %load/vec4 v000002554bdd3e00_0;
    %pad/u 7;
    %ix/vec4 3;
    %ix/load 4, 0, 0; Constant delay
    %assign/vec4/a/d v000002554bdd4120, 0, 4;
T_4.2 ;
T_4.0 ;
    %pushi/vec4 0, 0, 32;
    %ix/load 3, 0, 0;
    %flag_set/imm 4, 0;
    %ix/load 4, 0, 0; Constant delay
    %assign/vec4/a/d v000002554bdd4120, 0, 4;
    %jmp T_4;
    .thread T_4;
    .scope S_000002554bd5e710;
T_5 ;
    %wait E_000002554bd62260;
    %load/vec4 v000002554bd6e680_0;
    %dup/vec4;
    %pushi/vec4 0, 0, 2;
    %cmp/u;
    %jmp/1 T_5.0, 6;
    %dup/vec4;
    %pushi/vec4 1, 0, 2;
    %cmp/u;
    %jmp/1 T_5.1, 6;
    %dup/vec4;
    %pushi/vec4 2, 0, 2;
    %cmp/u;
    %jmp/1 T_5.2, 6;
    %dup/vec4;
    %pushi/vec4 3, 0, 2;
    %cmp/u;
    %jmp/1 T_5.3, 6;
    %pushi/vec4 2, 0, 4;
    %store/vec4 v000002554bd6f120_0, 0, 4;
    %jmp T_5.5;
T_5.0 ;
    %pushi/vec4 2, 0, 4;
    %store/vec4 v000002554bd6f120_0, 0, 4;
    %jmp T_5.5;
T_5.1 ;
    %pushi/vec4 0, 0, 4;
    %store/vec4 v000002554bd6f120_0, 0, 4;
    %jmp T_5.5;
T_5.2 ;
    %pushi/vec4 1, 0, 4;
    %store/vec4 v000002554bd6f120_0, 0, 4;
    %jmp T_5.5;
T_5.3 ;
    %load/vec4 v000002554bd6ee00_0;
    %dup/vec4;
    %pushi/vec4 32, 0, 6;
    %cmp/u;
    %jmp/1 T_5.6, 6;
    %dup/vec4;
    %pushi/vec4 34, 0, 6;
    %cmp/u;
    %jmp/1 T_5.7, 6;
    %dup/vec4;
    %pushi/vec4 36, 0, 6;
    %cmp/u;
    %jmp/1 T_5.8, 6;
    %dup/vec4;
    %pushi/vec4 37, 0, 6;
    %cmp/u;
    %jmp/1 T_5.9, 6;
    %dup/vec4;
    %pushi/vec4 42, 0, 6;
    %cmp/u;
    %jmp/1 T_5.10, 6;
    %pushi/vec4 2, 0, 4;
    %store/vec4 v000002554bd6f120_0, 0, 4;
    %jmp T_5.12;
T_5.6 ;
    %pushi/vec4 2, 0, 4;
    %store/vec4 v000002554bd6f120_0, 0, 4;
    %jmp T_5.12;
T_5.7 ;
    %pushi/vec4 6, 0, 4;
    %store/vec4 v000002554bd6f120_0, 0, 4;
    %jmp T_5.12;
T_5.8 ;
    %pushi/vec4 0, 0, 4;
    %store/vec4 v000002554bd6f120_0, 0, 4;
    %jmp T_5.12;
T_5.9 ;
    %pushi/vec4 1, 0, 4;
    %store/vec4 v000002554bd6f120_0, 0, 4;
    %jmp T_5.12;
T_5.10 ;
    %pushi/vec4 7, 0, 4;
    %store/vec4 v000002554bd6f120_0, 0, 4;
    %jmp T_5.12;
T_5.12 ;
    %pop/vec4 1;
    %jmp T_5.5;
T_5.5 ;
    %pop/vec4 1;
    %jmp T_5;
    .thread T_5, $push;
    .scope S_000002554bd5e8a0;
T_6 ;
    %wait E_000002554bd62f20;
    %load/vec4 v000002554bd6f3a0_0;
    %dup/vec4;
    %pushi/vec4 0, 0, 4;
    %cmp/u;
    %jmp/1 T_6.0, 6;
    %dup/vec4;
    %pushi/vec4 1, 0, 4;
    %cmp/u;
    %jmp/1 T_6.1, 6;
    %dup/vec4;
    %pushi/vec4 2, 0, 4;
    %cmp/u;
    %jmp/1 T_6.2, 6;
    %dup/vec4;
    %pushi/vec4 6, 0, 4;
    %cmp/u;
    %jmp/1 T_6.3, 6;
    %dup/vec4;
    %pushi/vec4 7, 0, 4;
    %cmp/u;
    %jmp/1 T_6.4, 6;
    %pushi/vec4 0, 0, 32;
    %store/vec4 v000002554bd6ef40_0, 0, 32;
    %jmp T_6.6;
T_6.0 ;
    %load/vec4 v000002554bd6eea0_0;
    %load/vec4 v000002554bd6e5e0_0;
    %and;
    %store/vec4 v000002554bd6ef40_0, 0, 32;
    %jmp T_6.6;
T_6.1 ;
    %load/vec4 v000002554bd6eea0_0;
    %load/vec4 v000002554bd6e5e0_0;
    %or;
    %store/vec4 v000002554bd6ef40_0, 0, 32;
    %jmp T_6.6;
T_6.2 ;
    %load/vec4 v000002554bd6eea0_0;
    %load/vec4 v000002554bd6e5e0_0;
    %add;
    %store/vec4 v000002554bd6ef40_0, 0, 32;
    %jmp T_6.6;
T_6.3 ;
    %load/vec4 v000002554bd6eea0_0;
    %load/vec4 v000002554bd6e5e0_0;
    %sub;
    %store/vec4 v000002554bd6ef40_0, 0, 32;
    %jmp T_6.6;
T_6.4 ;
    %load/vec4 v000002554bd6eea0_0;
    %load/vec4 v000002554bd6e5e0_0;
    %cmp/s;
    %flag_mov 8, 5;
    %jmp/0 T_6.7, 8;
    %pushi/vec4 1, 0, 32;
    %jmp/1 T_6.8, 8;
T_6.7 ; End of true expr.
    %pushi/vec4 0, 0, 32;
    %jmp/0 T_6.8, 8;
 ; End of false expr.
    %blend;
T_6.8;
    %store/vec4 v000002554bd6ef40_0, 0, 32;
    %jmp T_6.6;
T_6.6 ;
    %pop/vec4 1;
    %jmp T_6;
    .thread T_6, $push;
    .scope S_000002554bd7b240;
T_7 ;
    %wait E_000002554bd620a0;
    %load/vec4 v000002554bdd6950_0;
    %nor/r;
    %flag_set/vec4 8;
    %jmp/0xz  T_7.0, 8;
    %vpi_call 3 263 "$display", "------------------------------------------------" {0 0 0};
    %vpi_call 3 265 "$display", "PC      : %h", v000002554bdd5ff0_0 {0 0 0};
    %vpi_call 3 266 "$display", "Instr    : %h", v000002554bdd4fb0_0 {0 0 0};
    %vpi_call 3 268 "$display", "R0=%0d R1=%0d R2=%0d R3=%0d", v000002554bdd6590_0, v000002554bdd5410_0, v000002554bdd6630_0, v000002554bdd54b0_0 {0 0 0};
    %vpi_call 3 275 "$display", "R4=%0d R5=%0d R6=%0d R7=%0d", v000002554bdd57d0_0, v000002554bdd66d0_0, v000002554bdd5870_0, v000002554bdd5cd0_0 {0 0 0};
    %vpi_call 3 282 "$display", "ALU=%0d", v000002554bdd5f50_0 {0 0 0};
    %vpi_call 3 284 "$display", "RegWrite=%b ALUSrc=%b Jump=%b", v000002554bdd4d30_0, v000002554bdd4bf0_0, v000002554bdd4b50_0 {0 0 0};
    %vpi_call 3 290 "$display", "Opcode=%b", v000002554bdd6810_0 {0 0 0};
    %vpi_call 3 291 "$display", "Funct=%b", v000002554bdd64f0_0 {0 0 0};
    %vpi_call 3 292 "$display", "ALUCtrl=%b", v000002554bdd6310_0 {0 0 0};
    %vpi_call 3 293 "$display", "Zero=%b", v000002554bdd94d0_0 {0 0 0};
T_7.0 ;
    %jmp T_7;
    .thread T_7;
    .scope S_000002554bd79c60;
T_8 ;
    %pushi/vec4 0, 0, 32;
    %store/vec4 v000002554bdd9f70_0, 0, 32;
    %end;
    .thread T_8;
    .scope S_000002554bd79c60;
T_9 ;
    %pushi/vec4 0, 0, 1;
    %store/vec4 v000002554bdd9750_0, 0, 1;
T_9.0 ;
    %delay 5000, 0;
    %load/vec4 v000002554bdd9750_0;
    %inv;
    %store/vec4 v000002554bdd9750_0, 0, 1;
    %jmp T_9.0;
    %end;
    .thread T_9;
    .scope S_000002554bd79c60;
T_10 ;
    %pushi/vec4 1, 0, 1;
    %store/vec4 v000002554bdd8df0_0, 0, 1;
    %delay 20000, 0;
    %pushi/vec4 0, 0, 1;
    %store/vec4 v000002554bdd8df0_0, 0, 1;
    %end;
    .thread T_10;
    .scope S_000002554bd79c60;
T_11 ;
    %vpi_call 2 66 "$dumpfile", "cpu.vcd" {0 0 0};
    %vpi_call 2 68 "$dumpvars", 32'sb00000000000000000000000000000000, S_000002554bd79c60 {0 0 0};
    %end;
    .thread T_11;
    .scope S_000002554bd79c60;
T_12 ;
    %wait E_000002554bd631a0;
    %load/vec4 v000002554bdd8df0_0;
    %nor/r;
    %flag_set/vec4 8;
    %jmp/0xz  T_12.0, 8;
    %load/vec4 v000002554bdd9f70_0;
    %addi 1, 0, 32;
    %store/vec4 v000002554bdd9f70_0, 0, 32;
    %vpi_call 2 90 "$display", "--------------------------------------------------" {0 0 0};
    %vpi_call 2 91 "$display", "Ciclo %0d", v000002554bdd9f70_0 {0 0 0};
    %vpi_call 2 93 "$display", "PC          = %h", v000002554bdd5ff0_0 {0 0 0};
    %vpi_call 2 94 "$display", "Instrucao   = %h", v000002554bdd4fb0_0 {0 0 0};
    %vpi_call 2 96 "$display", "Opcode      = %b", v000002554bdd6810_0 {0 0 0};
    %vpi_call 2 97 "$display", "Funct       = %b", v000002554bdd64f0_0 {0 0 0};
    %vpi_call 2 99 "$display", "RS=%0d RT=%0d RD=%0d", v000002554bdd5a50_0, v000002554bdd4ab0_0, v000002554bdd5c30_0 {0 0 0};
    %vpi_call 2 104 "$display", "ALU Result  = %d", v000002554bdd5f50_0 {0 0 0};
    %vpi_call 2 106 "$display", "RegWrite    = %b", v000002554bdd4d30_0 {0 0 0};
    %vpi_call 2 107 "$display", "ALUSrc      = %b", v000002554bdd4bf0_0 {0 0 0};
    %vpi_call 2 108 "$display", "Jump        = %b", v000002554bdd4b50_0 {0 0 0};
T_12.0 ;
    %jmp T_12;
    .thread T_12;
    .scope S_000002554bd79c60;
T_13 ;
    %delay 220000, 0;
    %vpi_call 2 146 "$display", "\000" {0 0 0};
    %vpi_call 2 147 "$display", "==============================================" {0 0 0};
    %vpi_call 2 148 "$display", "SIMULACAO FINALIZADA" {0 0 0};
    %vpi_call 2 149 "$display", "==============================================" {0 0 0};
    %vpi_call 2 151 "$finish" {0 0 0};
    %end;
    .thread T_13;
# The file index is used to find the file name in the following table.
:file_names 13;
    "N/A";
    "<interactive>";
    "testbench.v";
    "cpu.v";
    "alu_control.v";
    "alu.v";
    "mux.v";
    "control_unit.v";
    "instruction_memory.v";
    "pc.v";
    "register_file.v";
    "sign_extend.v";
    "zero_extend.v";
